语法

    0 $accept: exp $end

    1 exp: exp '+' exp
    2    | exp '-' exp
    3    | NUM


终结语词，附有它们出现处的规则

    $end (0) 0
    '+' (43) 1
    '-' (45) 2
    error (256)
    NUM <ival> (258) 3


非终结语词，附有它们出现处的规则

    $accept (6)
        on left: 0
    exp <ival> (7)
        on left: 1 2 3
        on right: 0 1 2


状态 0

    0 $accept: . exp $end

    NUM  偏移，并进入状态 1

    exp  转到状态 2


状态 1

    3 exp: NUM .

    $default  使用规则 3 以归约 (exp)


状态 2

    0 $accept: exp . $end
    1 exp: exp . '+' exp
    2    | exp . '-' exp

    $end  偏移，并进入状态 3
    '+'   偏移，并进入状态 4
    '-'   偏移，并进入状态 5


状态 3

    0 $accept: exp $end .

    $default  接受


状态 4

    1 exp: exp '+' . exp

    NUM  偏移，并进入状态 1

    exp  转到状态 6


状态 5

    2 exp: exp '-' . exp

    NUM  偏移，并进入状态 1

    exp  转到状态 7


状态 6

    1 exp: exp . '+' exp
    1    | exp '+' exp .
    2    | exp . '-' exp

    $default  使用规则 1 以归约 (exp)

    Conflict between rule 1 and token '+' resolved as reduce (%left '+').
    Conflict between rule 1 and token '-' resolved as reduce (%left '-').


状态 7

    1 exp: exp . '+' exp
    2    | exp . '-' exp
    2    | exp '-' exp .

    $default  使用规则 2 以归约 (exp)

    Conflict between rule 2 and token '+' resolved as reduce (%left '+').
    Conflict between rule 2 and token '-' resolved as reduce (%left '-').
